Replace Part C1 100nF Ceramic Multilayer Capacitor_1 in D:\electronics stuff\InfinityX assignment\Assignment 2\PCB_Project\Arduino Nano.SchDoc with 100nF Ceramic Multilayer Capacitor_1 from RS Components - Capacitors.IntLib
Replace Part C2 4.7µF Tant RS 496-3545 in D:\electronics stuff\InfinityX assignment\Assignment 2\PCB_Project\Arduino Nano.SchDoc with 4.7µF Tant RS 496-3545 from RS Components - Capacitors.IntLib
Replace Part C3 100nF Ceramic Multilayer Capacitor_1 in D:\electronics stuff\InfinityX assignment\Assignment 2\PCB_Project\Arduino Nano.SchDoc with 100nF Ceramic Multilayer Capacitor_1 from RS Components - Capacitors.IntLib
Replace Part C4 18pF Ceramic Multilayer Capacitor, 50 V dc C0G Dielectric ±5% SMD in D:\electronics stuff\InfinityX assignment\Assignment 2\PCB_Project\Arduino Nano.SchDoc with 18pF Ceramic Multilayer Capacitor, 50 V dc C0G Dielectric ±5% SMD from RS Components - Capacitors.IntLib
Replace Part C5 4.7µF Tant RS 496-3545 in D:\electronics stuff\InfinityX assignment\Assignment 2\PCB_Project\Arduino Nano.SchDoc with 4.7µF Tant RS 496-3545 from RS Components - Capacitors.IntLib
Replace Part C6 100nF Ceramic Multilayer Capacitor_1 in D:\electronics stuff\InfinityX assignment\Assignment 2\PCB_Project\Arduino Nano.SchDoc with 100nF Ceramic Multilayer Capacitor_1 from RS Components - Capacitors.IntLib
Replace Part C7 100nF Ceramic Multilayer Capacitor_1 in D:\electronics stuff\InfinityX assignment\Assignment 2\PCB_Project\Arduino Nano.SchDoc with 100nF Ceramic Multilayer Capacitor_1 from RS Components - Capacitors.IntLib
Replace Part C8 100nF Ceramic Multilayer Capacitor_1 in D:\electronics stuff\InfinityX assignment\Assignment 2\PCB_Project\Arduino Nano.SchDoc with 100nF Ceramic Multilayer Capacitor_1 from RS Components - Capacitors.IntLib
Replace Part C9 18pF Ceramic Multilayer Capacitor, 50 V dc C0G Dielectric ±5% SMD in D:\electronics stuff\InfinityX assignment\Assignment 2\PCB_Project\Arduino Nano.SchDoc with 18pF Ceramic Multilayer Capacitor, 50 V dc C0G Dielectric ±5% SMD from RS Components - Capacitors.IntLib
Replace Part C10 18pF Ceramic Multilayer Capacitor, 50 V dc C0G Dielectric ±5% SMD in D:\electronics stuff\InfinityX assignment\Assignment 2\PCB_Project\Arduino Nano.SchDoc with 18pF Ceramic Multilayer Capacitor, 50 V dc C0G Dielectric ±5% SMD from RS Components - Capacitors.IntLib
Replace Part D1 Kingbright Green LED, 70 mcd 120 ° 0805 in D:\electronics stuff\InfinityX assignment\Assignment 2\PCB_Project\Arduino Nano.SchDoc with Kingbright Green LED, 70 mcd 120 ° 0805 from KingBright LEDs.IntLib
Replace Part D2 Kingbright Red LED, 100 mcd 120 ° 0805 in D:\electronics stuff\InfinityX assignment\Assignment 2\PCB_Project\Arduino Nano.SchDoc with Kingbright Red LED, 100 mcd 120 ° 0805 from KingBright LEDs.IntLib
Replace Part D3 Kingbright Blue LED, 60 mcd 120 ° 0805 in D:\electronics stuff\InfinityX assignment\Assignment 2\PCB_Project\Arduino Nano.SchDoc with Kingbright Blue LED, 60 mcd 120 ° 0805 from KingBright LEDs.IntLib
Replace Part D4 Kingbright Orange LED, 200 mcd 120 ° 0805 in D:\electronics stuff\InfinityX assignment\Assignment 2\PCB_Project\Arduino Nano.SchDoc with Kingbright Orange LED, 200 mcd 120 ° 0805 from KingBright LEDs.IntLib
Replace Part RA1 1k +- 5% SMT Resistor Array in D:\electronics stuff\InfinityX assignment\Assignment 2\PCB_Project\Arduino Nano.SchDoc with 1k +- 5% SMT Resistor Array from Bourns  Resistor Arrays.IntLib
Replace Part RA2 1k +- 5% SMT Resistor Array in D:\electronics stuff\InfinityX assignment\Assignment 2\PCB_Project\Arduino Nano.SchDoc with 1k +- 5% SMT Resistor Array from Bourns  Resistor Arrays.IntLib
Replace Part REG1 LM1117MP-5.0 in D:\electronics stuff\InfinityX assignment\Assignment 2\PCB_Project\Arduino Nano.SchDoc with LM1117MP-5.0 from TI Low Dropout Voltage Regulator.IntLib
Replace Part S1 Programming ISP, Programming Headers Dual Row in D:\electronics stuff\InfinityX assignment\Assignment 2\PCB_Project\Arduino Nano.SchDoc with Programming ISP, Programming Headers Dual Row from PCB Headers.IntLib
Replace Part S2 Micro USB Connector, 30 V ac, 1.8A in D:\electronics stuff\InfinityX assignment\Assignment 2\PCB_Project\Arduino Nano.SchDoc with Micro USB Connector, 30 V ac, 1.8A from Molex Connectors.IntLib
Replace Part S3 Button Tactile Switch, NO 0.05 A 0.8mm in D:\electronics stuff\InfinityX assignment\Assignment 2\PCB_Project\Arduino Nano.SchDoc with Button Tactile Switch, NO 0.05 A 0.8mm from Omron Tactile Switches.IntLib
Replace Part S4 Single row; PCB headers in D:\electronics stuff\InfinityX assignment\Assignment 2\PCB_Project\Arduino Nano.SchDoc with Single row; PCB headers from PCB Headers.IntLib
Replace Part S5 Single row; PCB headers in D:\electronics stuff\InfinityX assignment\Assignment 2\PCB_Project\Arduino Nano.SchDoc with Single row; PCB headers from PCB Headers.IntLib
Replace Part U1 FT232RL USB to UART, Universal Asynchronous Receiver & Transmitter 3MBd, 28-Pin, SSOP in D:\electronics stuff\InfinityX assignment\Assignment 2\PCB_Project\Arduino Nano.SchDoc with FT232RL USB to UART, Universal Asynchronous Receiver & Transmitter 3MBd, 28-Pin, SSOP from FTDI RS232toUSB.IntLib
Update Managed Component U2 From CMP-0095-00269-2[ATmega328P-AU] To CMP-0095-00269-2[ATmega328P-AU] in Arduino Nano.SchDoc
Replace Part X1 Aker  C5S-16.000-12-3030-X in D:\electronics stuff\InfinityX assignment\Assignment 2\PCB_Project\Arduino Nano.SchDoc with Aker  C5S-16.000-12-3030-X from Aker Crystals.IntLib
